[debug] [2023-01-17T10:48:00.656Z] ----------------------------------------------------------------------
[debug] [2023-01-17T10:48:00.658Z] Command:       C:\Program Files\nodejs\node.exe C:\Users\Denis\AppData\Roaming\npm\node_modules\firebase-tools\lib\bin\firebase.js init
[debug] [2023-01-17T10:48:00.658Z] CLI Version:   11.20.0
[debug] [2023-01-17T10:48:00.658Z] Platform:      win32
[debug] [2023-01-17T10:48:00.658Z] Node Version:  v18.12.1
[debug] [2023-01-17T10:48:00.659Z] Time:          Tue Jan 17 2023 12:48:00 GMT+0200 (за східноєвропейським стандартним часом)
[debug] [2023-01-17T10:48:00.659Z] ----------------------------------------------------------------------
[debug] 
[debug] [2023-01-17T10:48:00.666Z] > command requires scopes: ["email","openid","https://www.googleapis.com/auth/cloudplatformprojects.readonly","https://www.googleapis.com/auth/firebase","https://www.googleapis.com/auth/cloud-platform"]
[debug] [2023-01-17T10:48:00.666Z] > authorizing via signed-in user (dkononov.ua@gmail.com)
[info] 
     ######## #### ########  ######## ########     ###     ######  ########
     ##        ##  ##     ## ##       ##     ##  ##   ##  ##       ##
     ######    ##  ########  ######   ########  #########  ######  ######
     ##        ##  ##    ##  ##       ##     ## ##     ##       ## ##
     ##       #### ##     ## ######## ########  ##     ##  ######  ########

You're about to initialize a Firebase project in this directory:

  C:\Users\Denis\Desktop\SkillUP\angular\cmder\angular-tour-of-heroes

[info] 
=== Project Setup
[info] 
[info] First, let's associate this project directory with a Firebase project.
[info] You can create multiple project aliases by running firebase use --add, 
[info] but for now we'll just set up a default project.
[info] 
[debug] [2023-01-17T10:48:17.540Z] >>> [apiv2][query] GET https://firebase.googleapis.com/v1beta1/projects pageSize=100
[debug] [2023-01-17T10:48:18.130Z] <<< [apiv2][status] GET https://firebase.googleapis.com/v1beta1/projects 200
[debug] [2023-01-17T10:48:18.130Z] <<< [apiv2][body] GET https://firebase.googleapis.com/v1beta1/projects [omitted]
[info] i  Using project tour-of-heroes-c007b (Tour of Heroes) 
[info] 
=== Hosting Setup
[info] 
[info] Your public directory is the folder (relative to your project directory) that
[info] will contain Hosting assets to be uploaded with firebase deploy. If you
[info] have a build process for your assets, use your build's output directory.
[info] 
[debug] [2023-01-17T10:59:13.897Z] ----------------------------------------------------------------------
[debug] [2023-01-17T10:59:13.899Z] Command:       C:\Program Files\nodejs\node.exe C:\Users\Denis\AppData\Roaming\npm\node_modules\firebase-tools\lib\bin\firebase.js init
[debug] [2023-01-17T10:59:13.899Z] CLI Version:   11.20.0
[debug] [2023-01-17T10:59:13.900Z] Platform:      win32
[debug] [2023-01-17T10:59:13.900Z] Node Version:  v18.12.1
[debug] [2023-01-17T10:59:13.900Z] Time:          Tue Jan 17 2023 12:59:13 GMT+0200 (за східноєвропейським стандартним часом)
[debug] [2023-01-17T10:59:13.901Z] ----------------------------------------------------------------------
[debug] 
[debug] [2023-01-17T10:59:13.907Z] > command requires scopes: ["email","openid","https://www.googleapis.com/auth/cloudplatformprojects.readonly","https://www.googleapis.com/auth/firebase","https://www.googleapis.com/auth/cloud-platform"]
[debug] [2023-01-17T10:59:13.908Z] > authorizing via signed-in user (dkononov.ua@gmail.com)
[info] 
     ######## #### ########  ######## ########     ###     ######  ########
     ##        ##  ##     ## ##       ##     ##  ##   ##  ##       ##
     ######    ##  ########  ######   ########  #########  ######  ######
     ##        ##  ##    ##  ##       ##     ## ##     ##       ## ##
     ##       #### ##     ## ######## ########  ##     ##  ######  ########

You're about to initialize a Firebase project in this directory:

  C:\Users\Denis\Desktop\SkillUP\angular\cmder\angular-tour-of-heroes

[info] 
=== Project Setup
[info] 
[info] First, let's associate this project directory with a Firebase project.
[info] You can create multiple project aliases by running firebase use --add, 
[info] but for now we'll just set up a default project.
[info] 
[debug] [2023-01-17T10:59:25.489Z] >>> [apiv2][query] GET https://firebase.googleapis.com/v1beta1/projects pageSize=100
[debug] [2023-01-17T10:59:26.191Z] <<< [apiv2][status] GET https://firebase.googleapis.com/v1beta1/projects 200
[debug] [2023-01-17T10:59:26.191Z] <<< [apiv2][body] GET https://firebase.googleapis.com/v1beta1/projects [omitted]
[info] i  Using project tour-of-heroes-c007b (Tour of Heroes) 
[info] 
=== Hosting Setup
[info] 
[info] Your public directory is the folder (relative to your project directory) that
[info] will contain Hosting assets to be uploaded with firebase deploy. If you
[info] have a build process for your assets, use your build's output directory.
[info] 
